[2025-04-30 01:09:00] [INFO   ]  Custom Logger Initialized 
[2025-04-30 01:09:00] [INFO   ] [NOTICE] TerraformGenerator will suppress the server's watchdog while generating chunks to prevent unnecessary stacktrace warnings. Unless you specifically need thewatchdog now (to take aikar timings or debug lag), you don't need to take any action. 
[2025-04-30 01:09:00] [INFO   ] It is recommended to pregenerate to reduce lag problems. 
[2025-04-30 01:09:00] [INFO   ] Watchdog Thread hooked. 
[2025-04-30 01:09:00] [INFO   ]  bStats Metrics enabled. 
[2025-04-30 01:09:00] [INFO   ]  Detected version: 1.21.3, number: 21.3 
[2025-04-30 01:09:00] [INFO   ] Unfreezing biome registry... 
[2025-04-30 01:09:00] [INFO   ] Registered custom biome: muddy_bog 
[2025-04-30 01:09:00] [INFO   ] Registered custom biome: cherry_grove 
[2025-04-30 01:09:00] [INFO   ] Registered custom biome: scarlet_forest 
[2025-04-30 01:09:00] [INFO   ] Registered custom biome: crystalline_cluster 
[2025-04-30 01:09:00] [INFO   ] Freezing biome registry 
[2025-04-30 01:09:00] [INFO   ] [Structure Registry] Registered Large Structure: VillageHousePopulator 
[2025-04-30 01:09:00] [INFO   ] [Structure Registry] Registered Large Structure: VillagePopulator 
[2025-04-30 01:09:00] [INFO   ] [Structure Registry] Registered Large Structure: OutpostPopulator 
[2025-04-30 01:09:00] [INFO   ] [Structure Registry] Registered Large Structure: PyramidPopulator 
[2025-04-30 01:09:00] [INFO   ] [Structure Registry] Registered Large Structure: MonumentPopulator 
[2025-04-30 01:09:00] [INFO   ] [Structure Registry] Registered Large Structure: StrongholdPopulator 
[2025-04-30 01:09:00] [INFO   ] [Structure Registry] Registered Large Structure: MansionPopulator 
[2025-04-30 01:09:00] [INFO   ] [Structure Registry] Registered Large Structure: AncientCityPopulator 
[2025-04-30 01:09:00] [INFO   ] [Structure Registry] Registered Large Structure: TrialChamberPopulator 
[2025-04-30 01:09:00] [INFO   ] [Structure Registry] Registered Large Structure: LargeCavePopulator 
[2025-04-30 01:09:00] [INFO   ] [Structure Registry] Registered Large Structure: MineshaftPopulator 
[2025-04-30 01:09:00] [INFO   ] [Structure Registry] Registered Large Structure: CatacombsPopulator 
[2025-04-30 01:09:00] [INFO   ] [Structure Registry] Registered Large Structure: BadlandsMinePopulator 
[2025-04-30 01:09:00] [INFO   ] [Structure Registry] Registered Large Structure: WarmOceanRuinsPopulator 
[2025-04-30 01:09:00] [INFO   ] [Structure Registry] Registered Large Structure: TrailRuinsPopulator 
[2025-04-30 01:09:00] [INFO   ] [Structure Registry] Registered Small Structure: SmallDungeonPopulator 
[2025-04-30 01:09:00] [INFO   ] [Structure Registry] Registered Small Structure: ShipwreckPopulator 
[2025-04-30 01:09:00] [INFO   ] [Structure Registry] Registered Small Structure: BuriedTreasurePopulator 
[2025-04-30 01:09:00] [INFO   ] [Structure Registry] Registered Small Structure: RuinedPortalPopulator 
[2025-04-30 01:09:00] [INFO   ] [Structure Registry] Registered Small Structure: IglooPopulator 
[2025-04-30 01:09:00] [INFO   ] [Structure Registry] Registered Small Structure: DesertWellPopulator 
[2025-04-30 01:09:00] [INFO   ] [Structure Registry] Registered Small Structure: WitchHutPopulator 
[2025-04-30 01:11:58] [INFO   ]  Custom Logger Initialized 
[2025-04-30 01:11:58] [INFO   ] [NOTICE] TerraformGenerator will suppress the server's watchdog while generating chunks to prevent unnecessary stacktrace warnings. Unless you specifically need thewatchdog now (to take aikar timings or debug lag), you don't need to take any action. 
[2025-04-30 01:11:58] [INFO   ] It is recommended to pregenerate to reduce lag problems. 
[2025-04-30 01:11:58] [INFO   ] Watchdog Thread hooked. 
[2025-04-30 01:11:58] [INFO   ]  bStats Metrics enabled. 
[2025-04-30 01:11:58] [INFO   ]  Detected version: 1.21.3, number: 21.3 
[2025-04-30 01:11:58] [INFO   ] Unfreezing biome registry... 
[2025-04-30 01:11:58] [INFO   ] Registered custom biome: muddy_bog 
[2025-04-30 01:11:58] [INFO   ] Registered custom biome: cherry_grove 
[2025-04-30 01:11:58] [INFO   ] Registered custom biome: scarlet_forest 
[2025-04-30 01:11:58] [INFO   ] Registered custom biome: crystalline_cluster 
[2025-04-30 01:11:58] [INFO   ] Freezing biome registry 
[2025-04-30 01:11:58] [INFO   ] [Structure Registry] Registered Large Structure: VillageHousePopulator 
[2025-04-30 01:11:58] [INFO   ] [Structure Registry] Registered Large Structure: VillagePopulator 
[2025-04-30 01:11:58] [INFO   ] [Structure Registry] Registered Large Structure: OutpostPopulator 
[2025-04-30 01:11:58] [INFO   ] [Structure Registry] Registered Large Structure: PyramidPopulator 
[2025-04-30 01:11:58] [INFO   ] [Structure Registry] Registered Large Structure: MonumentPopulator 
[2025-04-30 01:11:58] [INFO   ] [Structure Registry] Registered Large Structure: StrongholdPopulator 
[2025-04-30 01:11:58] [INFO   ] [Structure Registry] Registered Large Structure: MansionPopulator 
[2025-04-30 01:11:58] [INFO   ] [Structure Registry] Registered Large Structure: AncientCityPopulator 
[2025-04-30 01:11:58] [INFO   ] [Structure Registry] Registered Large Structure: TrialChamberPopulator 
[2025-04-30 01:11:58] [INFO   ] [Structure Registry] Registered Large Structure: LargeCavePopulator 
[2025-04-30 01:11:58] [INFO   ] [Structure Registry] Registered Large Structure: MineshaftPopulator 
[2025-04-30 01:11:58] [INFO   ] [Structure Registry] Registered Large Structure: CatacombsPopulator 
[2025-04-30 01:11:58] [INFO   ] [Structure Registry] Registered Large Structure: BadlandsMinePopulator 
[2025-04-30 01:11:58] [INFO   ] [Structure Registry] Registered Large Structure: WarmOceanRuinsPopulator 
[2025-04-30 01:11:58] [INFO   ] [Structure Registry] Registered Large Structure: TrailRuinsPopulator 
[2025-04-30 01:11:58] [INFO   ] [Structure Registry] Registered Small Structure: SmallDungeonPopulator 
[2025-04-30 01:11:58] [INFO   ] [Structure Registry] Registered Small Structure: ShipwreckPopulator 
[2025-04-30 01:11:58] [INFO   ] [Structure Registry] Registered Small Structure: BuriedTreasurePopulator 
[2025-04-30 01:11:58] [INFO   ] [Structure Registry] Registered Small Structure: RuinedPortalPopulator 
[2025-04-30 01:11:58] [INFO   ] [Structure Registry] Registered Small Structure: IglooPopulator 
[2025-04-30 01:11:58] [INFO   ] [Structure Registry] Registered Small Structure: DesertWellPopulator 
[2025-04-30 01:11:58] [INFO   ] [Structure Registry] Registered Small Structure: WitchHutPopulator 
[2025-04-30 01:15:13] [INFO   ]  Custom Logger Initialized 
[2025-04-30 01:15:13] [INFO   ] [NOTICE] TerraformGenerator will suppress the server's watchdog while generating chunks to prevent unnecessary stacktrace warnings. Unless you specifically need thewatchdog now (to take aikar timings or debug lag), you don't need to take any action. 
[2025-04-30 01:15:13] [INFO   ] It is recommended to pregenerate to reduce lag problems. 
[2025-04-30 01:15:13] [INFO   ] Watchdog Thread hooked. 
[2025-04-30 01:15:13] [INFO   ]  bStats Metrics enabled. 
[2025-04-30 01:15:13] [INFO   ]  Detected version: 1.21.3, number: 21.3 
[2025-04-30 01:15:13] [INFO   ] Unfreezing biome registry... 
[2025-04-30 01:15:13] [INFO   ] Registered custom biome: muddy_bog 
[2025-04-30 01:15:13] [INFO   ] Registered custom biome: cherry_grove 
[2025-04-30 01:15:13] [INFO   ] Registered custom biome: scarlet_forest 
[2025-04-30 01:15:13] [INFO   ] Registered custom biome: crystalline_cluster 
[2025-04-30 01:15:13] [INFO   ] Freezing biome registry 
[2025-04-30 01:15:13] [INFO   ] [Structure Registry] Registered Large Structure: VillageHousePopulator 
[2025-04-30 01:15:13] [INFO   ] [Structure Registry] Registered Large Structure: VillagePopulator 
[2025-04-30 01:15:13] [INFO   ] [Structure Registry] Registered Large Structure: OutpostPopulator 
[2025-04-30 01:15:13] [INFO   ] [Structure Registry] Registered Large Structure: PyramidPopulator 
[2025-04-30 01:15:13] [INFO   ] [Structure Registry] Registered Large Structure: MonumentPopulator 
[2025-04-30 01:15:13] [INFO   ] [Structure Registry] Registered Large Structure: StrongholdPopulator 
[2025-04-30 01:15:13] [INFO   ] [Structure Registry] Registered Large Structure: MansionPopulator 
[2025-04-30 01:15:13] [INFO   ] [Structure Registry] Registered Large Structure: AncientCityPopulator 
[2025-04-30 01:15:13] [INFO   ] [Structure Registry] Registered Large Structure: TrialChamberPopulator 
[2025-04-30 01:15:13] [INFO   ] [Structure Registry] Registered Large Structure: LargeCavePopulator 
[2025-04-30 01:15:13] [INFO   ] [Structure Registry] Registered Large Structure: MineshaftPopulator 
[2025-04-30 01:15:13] [INFO   ] [Structure Registry] Registered Large Structure: CatacombsPopulator 
[2025-04-30 01:15:13] [INFO   ] [Structure Registry] Registered Large Structure: BadlandsMinePopulator 
[2025-04-30 01:15:13] [INFO   ] [Structure Registry] Registered Large Structure: WarmOceanRuinsPopulator 
[2025-04-30 01:15:13] [INFO   ] [Structure Registry] Registered Large Structure: TrailRuinsPopulator 
[2025-04-30 01:15:13] [INFO   ] [Structure Registry] Registered Small Structure: SmallDungeonPopulator 
[2025-04-30 01:15:13] [INFO   ] [Structure Registry] Registered Small Structure: ShipwreckPopulator 
[2025-04-30 01:15:13] [INFO   ] [Structure Registry] Registered Small Structure: BuriedTreasurePopulator 
[2025-04-30 01:15:13] [INFO   ] [Structure Registry] Registered Small Structure: RuinedPortalPopulator 
[2025-04-30 01:15:13] [INFO   ] [Structure Registry] Registered Small Structure: IglooPopulator 
[2025-04-30 01:15:13] [INFO   ] [Structure Registry] Registered Small Structure: DesertWellPopulator 
[2025-04-30 01:15:13] [INFO   ] [Structure Registry] Registered Small Structure: WitchHutPopulator 
[2025-04-30 20:21:24] [INFO   ]  Custom Logger Initialized 
[2025-04-30 20:21:24] [INFO   ] [NOTICE] TerraformGenerator will suppress the server's watchdog while generating chunks to prevent unnecessary stacktrace warnings. Unless you specifically need thewatchdog now (to take aikar timings or debug lag), you don't need to take any action. 
[2025-04-30 20:21:24] [INFO   ] It is recommended to pregenerate to reduce lag problems. 
[2025-04-30 20:21:24] [INFO   ] Watchdog Thread hooked. 
[2025-04-30 20:21:24] [INFO   ]  bStats Metrics enabled. 
[2025-04-30 20:21:24] [INFO   ]  Detected version: 1.21.3, number: 21.3 
[2025-04-30 20:21:24] [INFO   ] Unfreezing biome registry... 
[2025-04-30 20:21:24] [INFO   ] Registered custom biome: muddy_bog 
[2025-04-30 20:21:24] [INFO   ] Registered custom biome: cherry_grove 
[2025-04-30 20:21:24] [INFO   ] Registered custom biome: scarlet_forest 
[2025-04-30 20:21:24] [INFO   ] Registered custom biome: crystalline_cluster 
[2025-04-30 20:21:24] [INFO   ] Freezing biome registry 
[2025-04-30 20:21:24] [INFO   ] [Structure Registry] Registered Large Structure: VillageHousePopulator 
[2025-04-30 20:21:24] [INFO   ] [Structure Registry] Registered Large Structure: VillagePopulator 
[2025-04-30 20:21:24] [INFO   ] [Structure Registry] Registered Large Structure: OutpostPopulator 
[2025-04-30 20:21:24] [INFO   ] [Structure Registry] Registered Large Structure: PyramidPopulator 
[2025-04-30 20:21:24] [INFO   ] [Structure Registry] Registered Large Structure: MonumentPopulator 
[2025-04-30 20:21:24] [INFO   ] [Structure Registry] Registered Large Structure: StrongholdPopulator 
[2025-04-30 20:21:24] [INFO   ] [Structure Registry] Registered Large Structure: MansionPopulator 
[2025-04-30 20:21:24] [INFO   ] [Structure Registry] Registered Large Structure: AncientCityPopulator 
[2025-04-30 20:21:24] [INFO   ] [Structure Registry] Registered Large Structure: TrialChamberPopulator 
[2025-04-30 20:21:24] [INFO   ] [Structure Registry] Registered Large Structure: LargeCavePopulator 
[2025-04-30 20:21:24] [INFO   ] [Structure Registry] Registered Large Structure: MineshaftPopulator 
[2025-04-30 20:21:24] [INFO   ] [Structure Registry] Registered Large Structure: CatacombsPopulator 
[2025-04-30 20:21:24] [INFO   ] [Structure Registry] Registered Large Structure: BadlandsMinePopulator 
[2025-04-30 20:21:24] [INFO   ] [Structure Registry] Registered Large Structure: WarmOceanRuinsPopulator 
[2025-04-30 20:21:24] [INFO   ] [Structure Registry] Registered Large Structure: TrailRuinsPopulator 
[2025-04-30 20:21:24] [INFO   ] [Structure Registry] Registered Small Structure: SmallDungeonPopulator 
[2025-04-30 20:21:24] [INFO   ] [Structure Registry] Registered Small Structure: ShipwreckPopulator 
[2025-04-30 20:21:24] [INFO   ] [Structure Registry] Registered Small Structure: BuriedTreasurePopulator 
[2025-04-30 20:21:24] [INFO   ] [Structure Registry] Registered Small Structure: RuinedPortalPopulator 
[2025-04-30 20:21:24] [INFO   ] [Structure Registry] Registered Small Structure: IglooPopulator 
[2025-04-30 20:21:24] [INFO   ] [Structure Registry] Registered Small Structure: DesertWellPopulator 
[2025-04-30 20:21:24] [INFO   ] [Structure Registry] Registered Small Structure: WitchHutPopulator 
[2025-04-30 20:25:34] [INFO   ]  Custom Logger Initialized 
[2025-04-30 20:25:34] [INFO   ] [NOTICE] TerraformGenerator will suppress the server's watchdog while generating chunks to prevent unnecessary stacktrace warnings. Unless you specifically need thewatchdog now (to take aikar timings or debug lag), you don't need to take any action. 
[2025-04-30 20:25:34] [INFO   ] It is recommended to pregenerate to reduce lag problems. 
[2025-04-30 20:25:34] [INFO   ] Watchdog Thread hooked. 
[2025-04-30 20:25:34] [INFO   ]  bStats Metrics enabled. 
[2025-04-30 20:25:34] [INFO   ]  Detected version: 1.21.3, number: 21.3 
[2025-04-30 20:25:34] [INFO   ] Unfreezing biome registry... 
[2025-04-30 20:25:34] [INFO   ] Registered custom biome: muddy_bog 
[2025-04-30 20:25:34] [INFO   ] Registered custom biome: cherry_grove 
[2025-04-30 20:25:34] [INFO   ] Registered custom biome: scarlet_forest 
[2025-04-30 20:25:34] [INFO   ] Registered custom biome: crystalline_cluster 
[2025-04-30 20:25:34] [INFO   ] Freezing biome registry 
[2025-04-30 20:25:34] [INFO   ] [Structure Registry] Registered Large Structure: VillageHousePopulator 
[2025-04-30 20:25:34] [INFO   ] [Structure Registry] Registered Large Structure: VillagePopulator 
[2025-04-30 20:25:34] [INFO   ] [Structure Registry] Registered Large Structure: OutpostPopulator 
[2025-04-30 20:25:34] [INFO   ] [Structure Registry] Registered Large Structure: PyramidPopulator 
[2025-04-30 20:25:34] [INFO   ] [Structure Registry] Registered Large Structure: MonumentPopulator 
[2025-04-30 20:25:34] [INFO   ] [Structure Registry] Registered Large Structure: StrongholdPopulator 
[2025-04-30 20:25:34] [INFO   ] [Structure Registry] Registered Large Structure: MansionPopulator 
[2025-04-30 20:25:34] [INFO   ] [Structure Registry] Registered Large Structure: AncientCityPopulator 
[2025-04-30 20:25:34] [INFO   ] [Structure Registry] Registered Large Structure: TrialChamberPopulator 
[2025-04-30 20:25:34] [INFO   ] [Structure Registry] Registered Large Structure: LargeCavePopulator 
[2025-04-30 20:25:34] [INFO   ] [Structure Registry] Registered Large Structure: MineshaftPopulator 
[2025-04-30 20:25:34] [INFO   ] [Structure Registry] Registered Large Structure: CatacombsPopulator 
[2025-04-30 20:25:34] [INFO   ] [Structure Registry] Registered Large Structure: BadlandsMinePopulator 
[2025-04-30 20:25:34] [INFO   ] [Structure Registry] Registered Large Structure: WarmOceanRuinsPopulator 
[2025-04-30 20:25:34] [INFO   ] [Structure Registry] Registered Large Structure: TrailRuinsPopulator 
[2025-04-30 20:25:34] [INFO   ] [Structure Registry] Registered Small Structure: SmallDungeonPopulator 
[2025-04-30 20:25:34] [INFO   ] [Structure Registry] Registered Small Structure: ShipwreckPopulator 
[2025-04-30 20:25:34] [INFO   ] [Structure Registry] Registered Small Structure: BuriedTreasurePopulator 
[2025-04-30 20:25:34] [INFO   ] [Structure Registry] Registered Small Structure: RuinedPortalPopulator 
[2025-04-30 20:25:34] [INFO   ] [Structure Registry] Registered Small Structure: IglooPopulator 
[2025-04-30 20:25:34] [INFO   ] [Structure Registry] Registered Small Structure: DesertWellPopulator 
[2025-04-30 20:25:34] [INFO   ] [Structure Registry] Registered Small Structure: WitchHutPopulator 
[2025-04-30 20:37:11] [INFO   ]  Custom Logger Initialized 
[2025-04-30 20:37:11] [INFO   ] [NOTICE] TerraformGenerator will suppress the server's watchdog while generating chunks to prevent unnecessary stacktrace warnings. Unless you specifically need thewatchdog now (to take aikar timings or debug lag), you don't need to take any action. 
[2025-04-30 20:37:11] [INFO   ] It is recommended to pregenerate to reduce lag problems. 
[2025-04-30 20:37:11] [INFO   ] Watchdog Thread hooked. 
[2025-04-30 20:37:11] [INFO   ]  bStats Metrics enabled. 
[2025-04-30 20:37:11] [INFO   ]  Detected version: 1.21.3, number: 21.3 
[2025-04-30 20:37:11] [INFO   ] Unfreezing biome registry... 
[2025-04-30 20:37:11] [INFO   ] Registered custom biome: muddy_bog 
[2025-04-30 20:37:11] [INFO   ] Registered custom biome: cherry_grove 
[2025-04-30 20:37:11] [INFO   ] Registered custom biome: scarlet_forest 
[2025-04-30 20:37:11] [INFO   ] Registered custom biome: crystalline_cluster 
[2025-04-30 20:37:11] [INFO   ] Freezing biome registry 
[2025-04-30 20:37:11] [INFO   ] [Structure Registry] Registered Large Structure: VillageHousePopulator 
[2025-04-30 20:37:11] [INFO   ] [Structure Registry] Registered Large Structure: VillagePopulator 
[2025-04-30 20:37:11] [INFO   ] [Structure Registry] Registered Large Structure: OutpostPopulator 
[2025-04-30 20:37:11] [INFO   ] [Structure Registry] Registered Large Structure: PyramidPopulator 
[2025-04-30 20:37:11] [INFO   ] [Structure Registry] Registered Large Structure: MonumentPopulator 
[2025-04-30 20:37:11] [INFO   ] [Structure Registry] Registered Large Structure: StrongholdPopulator 
[2025-04-30 20:37:11] [INFO   ] [Structure Registry] Registered Large Structure: MansionPopulator 
[2025-04-30 20:37:11] [INFO   ] [Structure Registry] Registered Large Structure: AncientCityPopulator 
[2025-04-30 20:37:11] [INFO   ] [Structure Registry] Registered Large Structure: TrialChamberPopulator 
[2025-04-30 20:37:11] [INFO   ] [Structure Registry] Registered Large Structure: LargeCavePopulator 
[2025-04-30 20:37:11] [INFO   ] [Structure Registry] Registered Large Structure: MineshaftPopulator 
[2025-04-30 20:37:11] [INFO   ] [Structure Registry] Registered Large Structure: CatacombsPopulator 
[2025-04-30 20:37:11] [INFO   ] [Structure Registry] Registered Large Structure: BadlandsMinePopulator 
[2025-04-30 20:37:11] [INFO   ] [Structure Registry] Registered Large Structure: WarmOceanRuinsPopulator 
[2025-04-30 20:37:11] [INFO   ] [Structure Registry] Registered Large Structure: TrailRuinsPopulator 
[2025-04-30 20:37:11] [INFO   ] [Structure Registry] Registered Small Structure: SmallDungeonPopulator 
[2025-04-30 20:37:11] [INFO   ] [Structure Registry] Registered Small Structure: ShipwreckPopulator 
[2025-04-30 20:37:11] [INFO   ] [Structure Registry] Registered Small Structure: BuriedTreasurePopulator 
[2025-04-30 20:37:11] [INFO   ] [Structure Registry] Registered Small Structure: RuinedPortalPopulator 
[2025-04-30 20:37:11] [INFO   ] [Structure Registry] Registered Small Structure: IglooPopulator 
[2025-04-30 20:37:11] [INFO   ] [Structure Registry] Registered Small Structure: DesertWellPopulator 
[2025-04-30 20:37:11] [INFO   ] [Structure Registry] Registered Small Structure: WitchHutPopulator 
[2025-04-30 21:44:39] [INFO   ]  Custom Logger Initialized 
[2025-04-30 21:44:39] [INFO   ] [NOTICE] TerraformGenerator will suppress the server's watchdog while generating chunks to prevent unnecessary stacktrace warnings. Unless you specifically need thewatchdog now (to take aikar timings or debug lag), you don't need to take any action. 
[2025-04-30 21:44:39] [INFO   ] It is recommended to pregenerate to reduce lag problems. 
[2025-04-30 21:44:39] [INFO   ] Watchdog Thread hooked. 
[2025-04-30 21:44:39] [INFO   ]  bStats Metrics enabled. 
[2025-04-30 21:44:39] [INFO   ]  Detected version: 1.21.3, number: 21.3 
[2025-04-30 21:44:39] [INFO   ] Unfreezing biome registry... 
[2025-04-30 21:44:39] [INFO   ] Registered custom biome: muddy_bog 
[2025-04-30 21:44:39] [INFO   ] Registered custom biome: cherry_grove 
[2025-04-30 21:44:39] [INFO   ] Registered custom biome: scarlet_forest 
[2025-04-30 21:44:39] [INFO   ] Registered custom biome: crystalline_cluster 
[2025-04-30 21:44:39] [INFO   ] Freezing biome registry 
[2025-04-30 21:44:39] [INFO   ] [Structure Registry] Registered Large Structure: VillageHousePopulator 
[2025-04-30 21:44:39] [INFO   ] [Structure Registry] Registered Large Structure: VillagePopulator 
[2025-04-30 21:44:39] [INFO   ] [Structure Registry] Registered Large Structure: OutpostPopulator 
[2025-04-30 21:44:39] [INFO   ] [Structure Registry] Registered Large Structure: PyramidPopulator 
[2025-04-30 21:44:39] [INFO   ] [Structure Registry] Registered Large Structure: MonumentPopulator 
[2025-04-30 21:44:39] [INFO   ] [Structure Registry] Registered Large Structure: StrongholdPopulator 
[2025-04-30 21:44:39] [INFO   ] [Structure Registry] Registered Large Structure: MansionPopulator 
[2025-04-30 21:44:39] [INFO   ] [Structure Registry] Registered Large Structure: AncientCityPopulator 
[2025-04-30 21:44:39] [INFO   ] [Structure Registry] Registered Large Structure: TrialChamberPopulator 
[2025-04-30 21:44:39] [INFO   ] [Structure Registry] Registered Large Structure: LargeCavePopulator 
[2025-04-30 21:44:39] [INFO   ] [Structure Registry] Registered Large Structure: MineshaftPopulator 
[2025-04-30 21:44:39] [INFO   ] [Structure Registry] Registered Large Structure: CatacombsPopulator 
[2025-04-30 21:44:39] [INFO   ] [Structure Registry] Registered Large Structure: BadlandsMinePopulator 
[2025-04-30 21:44:39] [INFO   ] [Structure Registry] Registered Large Structure: WarmOceanRuinsPopulator 
[2025-04-30 21:44:39] [INFO   ] [Structure Registry] Registered Large Structure: TrailRuinsPopulator 
[2025-04-30 21:44:39] [INFO   ] [Structure Registry] Registered Small Structure: SmallDungeonPopulator 
[2025-04-30 21:44:39] [INFO   ] [Structure Registry] Registered Small Structure: ShipwreckPopulator 
[2025-04-30 21:44:39] [INFO   ] [Structure Registry] Registered Small Structure: BuriedTreasurePopulator 
[2025-04-30 21:44:39] [INFO   ] [Structure Registry] Registered Small Structure: RuinedPortalPopulator 
[2025-04-30 21:44:39] [INFO   ] [Structure Registry] Registered Small Structure: IglooPopulator 
[2025-04-30 21:44:39] [INFO   ] [Structure Registry] Registered Small Structure: DesertWellPopulator 
[2025-04-30 21:44:39] [INFO   ] [Structure Registry] Registered Small Structure: WitchHutPopulator 
[2025-04-30 21:57:27] [INFO   ]  Custom Logger Initialized 
[2025-04-30 21:57:27] [INFO   ] [NOTICE] TerraformGenerator will suppress the server's watchdog while generating chunks to prevent unnecessary stacktrace warnings. Unless you specifically need thewatchdog now (to take aikar timings or debug lag), you don't need to take any action. 
[2025-04-30 21:57:27] [INFO   ] It is recommended to pregenerate to reduce lag problems. 
[2025-04-30 21:57:27] [INFO   ] Watchdog Thread hooked. 
[2025-04-30 21:57:27] [INFO   ]  bStats Metrics enabled. 
[2025-04-30 21:57:27] [INFO   ]  Detected version: 1.21.3, number: 21.3 
[2025-04-30 21:57:27] [INFO   ] Unfreezing biome registry... 
[2025-04-30 21:57:27] [INFO   ] Registered custom biome: muddy_bog 
[2025-04-30 21:57:27] [INFO   ] Registered custom biome: cherry_grove 
[2025-04-30 21:57:27] [INFO   ] Registered custom biome: scarlet_forest 
[2025-04-30 21:57:27] [INFO   ] Registered custom biome: crystalline_cluster 
[2025-04-30 21:57:27] [INFO   ] Freezing biome registry 
[2025-04-30 21:57:27] [INFO   ] [Structure Registry] Registered Large Structure: VillageHousePopulator 
[2025-04-30 21:57:27] [INFO   ] [Structure Registry] Registered Large Structure: VillagePopulator 
[2025-04-30 21:57:27] [INFO   ] [Structure Registry] Registered Large Structure: OutpostPopulator 
[2025-04-30 21:57:27] [INFO   ] [Structure Registry] Registered Large Structure: PyramidPopulator 
[2025-04-30 21:57:27] [INFO   ] [Structure Registry] Registered Large Structure: MonumentPopulator 
[2025-04-30 21:57:27] [INFO   ] [Structure Registry] Registered Large Structure: StrongholdPopulator 
[2025-04-30 21:57:27] [INFO   ] [Structure Registry] Registered Large Structure: MansionPopulator 
[2025-04-30 21:57:27] [INFO   ] [Structure Registry] Registered Large Structure: AncientCityPopulator 
[2025-04-30 21:57:27] [INFO   ] [Structure Registry] Registered Large Structure: TrialChamberPopulator 
[2025-04-30 21:57:27] [INFO   ] [Structure Registry] Registered Large Structure: LargeCavePopulator 
[2025-04-30 21:57:27] [INFO   ] [Structure Registry] Registered Large Structure: MineshaftPopulator 
[2025-04-30 21:57:27] [INFO   ] [Structure Registry] Registered Large Structure: CatacombsPopulator 
[2025-04-30 21:57:27] [INFO   ] [Structure Registry] Registered Large Structure: BadlandsMinePopulator 
[2025-04-30 21:57:27] [INFO   ] [Structure Registry] Registered Large Structure: WarmOceanRuinsPopulator 
[2025-04-30 21:57:27] [INFO   ] [Structure Registry] Registered Large Structure: TrailRuinsPopulator 
[2025-04-30 21:57:27] [INFO   ] [Structure Registry] Registered Small Structure: SmallDungeonPopulator 
[2025-04-30 21:57:27] [INFO   ] [Structure Registry] Registered Small Structure: ShipwreckPopulator 
[2025-04-30 21:57:27] [INFO   ] [Structure Registry] Registered Small Structure: BuriedTreasurePopulator 
[2025-04-30 21:57:27] [INFO   ] [Structure Registry] Registered Small Structure: RuinedPortalPopulator 
[2025-04-30 21:57:27] [INFO   ] [Structure Registry] Registered Small Structure: IglooPopulator 
[2025-04-30 21:57:27] [INFO   ] [Structure Registry] Registered Small Structure: DesertWellPopulator 
[2025-04-30 21:57:27] [INFO   ] [Structure Registry] Registered Small Structure: WitchHutPopulator 
[2025-04-30 22:07:21] [INFO   ]  Custom Logger Initialized 
[2025-04-30 22:07:21] [INFO   ] [NOTICE] TerraformGenerator will suppress the server's watchdog while generating chunks to prevent unnecessary stacktrace warnings. Unless you specifically need thewatchdog now (to take aikar timings or debug lag), you don't need to take any action. 
[2025-04-30 22:07:21] [INFO   ] It is recommended to pregenerate to reduce lag problems. 
[2025-04-30 22:07:21] [INFO   ] Watchdog Thread hooked. 
[2025-04-30 22:07:21] [INFO   ]  bStats Metrics enabled. 
[2025-04-30 22:07:21] [INFO   ]  Detected version: 1.21.3, number: 21.3 
[2025-04-30 22:07:21] [INFO   ] Unfreezing biome registry... 
[2025-04-30 22:07:21] [INFO   ] Registered custom biome: muddy_bog 
[2025-04-30 22:07:21] [INFO   ] Registered custom biome: cherry_grove 
[2025-04-30 22:07:21] [INFO   ] Registered custom biome: scarlet_forest 
[2025-04-30 22:07:21] [INFO   ] Registered custom biome: crystalline_cluster 
[2025-04-30 22:07:21] [INFO   ] Freezing biome registry 
[2025-04-30 22:07:21] [INFO   ] [Structure Registry] Registered Large Structure: VillageHousePopulator 
[2025-04-30 22:07:21] [INFO   ] [Structure Registry] Registered Large Structure: VillagePopulator 
[2025-04-30 22:07:21] [INFO   ] [Structure Registry] Registered Large Structure: OutpostPopulator 
[2025-04-30 22:07:21] [INFO   ] [Structure Registry] Registered Large Structure: PyramidPopulator 
[2025-04-30 22:07:21] [INFO   ] [Structure Registry] Registered Large Structure: MonumentPopulator 
[2025-04-30 22:07:21] [INFO   ] [Structure Registry] Registered Large Structure: StrongholdPopulator 
[2025-04-30 22:07:21] [INFO   ] [Structure Registry] Registered Large Structure: MansionPopulator 
[2025-04-30 22:07:21] [INFO   ] [Structure Registry] Registered Large Structure: AncientCityPopulator 
[2025-04-30 22:07:21] [INFO   ] [Structure Registry] Registered Large Structure: TrialChamberPopulator 
[2025-04-30 22:07:21] [INFO   ] [Structure Registry] Registered Large Structure: LargeCavePopulator 
[2025-04-30 22:07:21] [INFO   ] [Structure Registry] Registered Large Structure: MineshaftPopulator 
[2025-04-30 22:07:21] [INFO   ] [Structure Registry] Registered Large Structure: CatacombsPopulator 
[2025-04-30 22:07:21] [INFO   ] [Structure Registry] Registered Large Structure: BadlandsMinePopulator 
[2025-04-30 22:07:21] [INFO   ] [Structure Registry] Registered Large Structure: WarmOceanRuinsPopulator 
[2025-04-30 22:07:21] [INFO   ] [Structure Registry] Registered Large Structure: TrailRuinsPopulator 
[2025-04-30 22:07:21] [INFO   ] [Structure Registry] Registered Small Structure: SmallDungeonPopulator 
[2025-04-30 22:07:21] [INFO   ] [Structure Registry] Registered Small Structure: ShipwreckPopulator 
[2025-04-30 22:07:21] [INFO   ] [Structure Registry] Registered Small Structure: BuriedTreasurePopulator 
[2025-04-30 22:07:21] [INFO   ] [Structure Registry] Registered Small Structure: RuinedPortalPopulator 
[2025-04-30 22:07:21] [INFO   ] [Structure Registry] Registered Small Structure: IglooPopulator 
[2025-04-30 22:07:21] [INFO   ] [Structure Registry] Registered Small Structure: DesertWellPopulator 
[2025-04-30 22:07:21] [INFO   ] [Structure Registry] Registered Small Structure: WitchHutPopulator 
[2025-04-30 22:14:35] [INFO   ]  Custom Logger Initialized 
[2025-04-30 22:14:35] [INFO   ] [NOTICE] TerraformGenerator will suppress the server's watchdog while generating chunks to prevent unnecessary stacktrace warnings. Unless you specifically need thewatchdog now (to take aikar timings or debug lag), you don't need to take any action. 
[2025-04-30 22:14:35] [INFO   ] It is recommended to pregenerate to reduce lag problems. 
[2025-04-30 22:14:35] [INFO   ] Watchdog Thread hooked. 
[2025-04-30 22:14:35] [INFO   ]  bStats Metrics enabled. 
[2025-04-30 22:14:35] [INFO   ]  Detected version: 1.21.3, number: 21.3 
[2025-04-30 22:14:35] [INFO   ] Unfreezing biome registry... 
[2025-04-30 22:14:35] [INFO   ] Registered custom biome: muddy_bog 
[2025-04-30 22:14:35] [INFO   ] Registered custom biome: cherry_grove 
[2025-04-30 22:14:35] [INFO   ] Registered custom biome: scarlet_forest 
[2025-04-30 22:14:35] [INFO   ] Registered custom biome: crystalline_cluster 
[2025-04-30 22:14:35] [INFO   ] Freezing biome registry 
[2025-04-30 22:14:35] [INFO   ] [Structure Registry] Registered Large Structure: VillageHousePopulator 
[2025-04-30 22:14:35] [INFO   ] [Structure Registry] Registered Large Structure: VillagePopulator 
[2025-04-30 22:14:35] [INFO   ] [Structure Registry] Registered Large Structure: OutpostPopulator 
[2025-04-30 22:14:35] [INFO   ] [Structure Registry] Registered Large Structure: PyramidPopulator 
[2025-04-30 22:14:35] [INFO   ] [Structure Registry] Registered Large Structure: MonumentPopulator 
[2025-04-30 22:14:35] [INFO   ] [Structure Registry] Registered Large Structure: StrongholdPopulator 
[2025-04-30 22:14:35] [INFO   ] [Structure Registry] Registered Large Structure: MansionPopulator 
[2025-04-30 22:14:35] [INFO   ] [Structure Registry] Registered Large Structure: AncientCityPopulator 
[2025-04-30 22:14:35] [INFO   ] [Structure Registry] Registered Large Structure: TrialChamberPopulator 
[2025-04-30 22:14:35] [INFO   ] [Structure Registry] Registered Large Structure: LargeCavePopulator 
[2025-04-30 22:14:35] [INFO   ] [Structure Registry] Registered Large Structure: MineshaftPopulator 
[2025-04-30 22:14:35] [INFO   ] [Structure Registry] Registered Large Structure: CatacombsPopulator 
[2025-04-30 22:14:35] [INFO   ] [Structure Registry] Registered Large Structure: BadlandsMinePopulator 
[2025-04-30 22:14:35] [INFO   ] [Structure Registry] Registered Large Structure: WarmOceanRuinsPopulator 
[2025-04-30 22:14:35] [INFO   ] [Structure Registry] Registered Large Structure: TrailRuinsPopulator 
[2025-04-30 22:14:35] [INFO   ] [Structure Registry] Registered Small Structure: SmallDungeonPopulator 
[2025-04-30 22:14:35] [INFO   ] [Structure Registry] Registered Small Structure: ShipwreckPopulator 
[2025-04-30 22:14:35] [INFO   ] [Structure Registry] Registered Small Structure: BuriedTreasurePopulator 
[2025-04-30 22:14:35] [INFO   ] [Structure Registry] Registered Small Structure: RuinedPortalPopulator 
[2025-04-30 22:14:35] [INFO   ] [Structure Registry] Registered Small Structure: IglooPopulator 
[2025-04-30 22:14:35] [INFO   ] [Structure Registry] Registered Small Structure: DesertWellPopulator 
[2025-04-30 22:14:35] [INFO   ] [Structure Registry] Registered Small Structure: WitchHutPopulator 
[2025-04-30 22:22:41] [INFO   ]  Custom Logger Initialized 
[2025-04-30 22:22:41] [INFO   ] [NOTICE] TerraformGenerator will suppress the server's watchdog while generating chunks to prevent unnecessary stacktrace warnings. Unless you specifically need thewatchdog now (to take aikar timings or debug lag), you don't need to take any action. 
[2025-04-30 22:22:41] [INFO   ] It is recommended to pregenerate to reduce lag problems. 
[2025-04-30 22:22:41] [INFO   ] Watchdog Thread hooked. 
[2025-04-30 22:22:41] [INFO   ]  bStats Metrics enabled. 
[2025-04-30 22:22:41] [INFO   ]  Detected version: 1.21.3, number: 21.3 
[2025-04-30 22:22:41] [INFO   ] Unfreezing biome registry... 
[2025-04-30 22:22:41] [INFO   ] Registered custom biome: muddy_bog 
[2025-04-30 22:22:41] [INFO   ] Registered custom biome: cherry_grove 
[2025-04-30 22:22:41] [INFO   ] Registered custom biome: scarlet_forest 
[2025-04-30 22:22:41] [INFO   ] Registered custom biome: crystalline_cluster 
[2025-04-30 22:22:41] [INFO   ] Freezing biome registry 
[2025-04-30 22:22:41] [INFO   ] [Structure Registry] Registered Large Structure: VillageHousePopulator 
[2025-04-30 22:22:41] [INFO   ] [Structure Registry] Registered Large Structure: VillagePopulator 
[2025-04-30 22:22:41] [INFO   ] [Structure Registry] Registered Large Structure: OutpostPopulator 
[2025-04-30 22:22:41] [INFO   ] [Structure Registry] Registered Large Structure: PyramidPopulator 
[2025-04-30 22:22:41] [INFO   ] [Structure Registry] Registered Large Structure: MonumentPopulator 
[2025-04-30 22:22:41] [INFO   ] [Structure Registry] Registered Large Structure: StrongholdPopulator 
[2025-04-30 22:22:41] [INFO   ] [Structure Registry] Registered Large Structure: MansionPopulator 
[2025-04-30 22:22:41] [INFO   ] [Structure Registry] Registered Large Structure: AncientCityPopulator 
[2025-04-30 22:22:41] [INFO   ] [Structure Registry] Registered Large Structure: TrialChamberPopulator 
[2025-04-30 22:22:41] [INFO   ] [Structure Registry] Registered Large Structure: LargeCavePopulator 
[2025-04-30 22:22:41] [INFO   ] [Structure Registry] Registered Large Structure: MineshaftPopulator 
[2025-04-30 22:22:41] [INFO   ] [Structure Registry] Registered Large Structure: CatacombsPopulator 
[2025-04-30 22:22:41] [INFO   ] [Structure Registry] Registered Large Structure: BadlandsMinePopulator 
[2025-04-30 22:22:41] [INFO   ] [Structure Registry] Registered Large Structure: WarmOceanRuinsPopulator 
[2025-04-30 22:22:41] [INFO   ] [Structure Registry] Registered Large Structure: TrailRuinsPopulator 
[2025-04-30 22:22:41] [INFO   ] [Structure Registry] Registered Small Structure: SmallDungeonPopulator 
[2025-04-30 22:22:41] [INFO   ] [Structure Registry] Registered Small Structure: ShipwreckPopulator 
[2025-04-30 22:22:41] [INFO   ] [Structure Registry] Registered Small Structure: BuriedTreasurePopulator 
[2025-04-30 22:22:41] [INFO   ] [Structure Registry] Registered Small Structure: RuinedPortalPopulator 
[2025-04-30 22:22:41] [INFO   ] [Structure Registry] Registered Small Structure: IglooPopulator 
[2025-04-30 22:22:41] [INFO   ] [Structure Registry] Registered Small Structure: DesertWellPopulator 
[2025-04-30 22:22:41] [INFO   ] [Structure Registry] Registered Small Structure: WitchHutPopulator 
[2025-04-30 23:02:30] [INFO   ]  Custom Logger Initialized 
[2025-04-30 23:02:30] [INFO   ] [NOTICE] TerraformGenerator will suppress the server's watchdog while generating chunks to prevent unnecessary stacktrace warnings. Unless you specifically need thewatchdog now (to take aikar timings or debug lag), you don't need to take any action. 
[2025-04-30 23:02:30] [INFO   ] It is recommended to pregenerate to reduce lag problems. 
[2025-04-30 23:02:30] [INFO   ] Watchdog Thread hooked. 
[2025-04-30 23:02:30] [INFO   ]  bStats Metrics enabled. 
[2025-04-30 23:02:30] [INFO   ]  Detected version: 1.21.3, number: 21.3 
[2025-04-30 23:02:30] [INFO   ] Unfreezing biome registry... 
[2025-04-30 23:02:30] [INFO   ] Registered custom biome: muddy_bog 
[2025-04-30 23:02:30] [INFO   ] Registered custom biome: cherry_grove 
[2025-04-30 23:02:30] [INFO   ] Registered custom biome: scarlet_forest 
[2025-04-30 23:02:30] [INFO   ] Registered custom biome: crystalline_cluster 
[2025-04-30 23:02:30] [INFO   ] Freezing biome registry 
[2025-04-30 23:02:30] [INFO   ] [Structure Registry] Registered Large Structure: VillageHousePopulator 
[2025-04-30 23:02:30] [INFO   ] [Structure Registry] Registered Large Structure: VillagePopulator 
[2025-04-30 23:02:30] [INFO   ] [Structure Registry] Registered Large Structure: OutpostPopulator 
[2025-04-30 23:02:30] [INFO   ] [Structure Registry] Registered Large Structure: PyramidPopulator 
[2025-04-30 23:02:30] [INFO   ] [Structure Registry] Registered Large Structure: MonumentPopulator 
[2025-04-30 23:02:30] [INFO   ] [Structure Registry] Registered Large Structure: StrongholdPopulator 
[2025-04-30 23:02:30] [INFO   ] [Structure Registry] Registered Large Structure: MansionPopulator 
[2025-04-30 23:02:30] [INFO   ] [Structure Registry] Registered Large Structure: AncientCityPopulator 
[2025-04-30 23:02:30] [INFO   ] [Structure Registry] Registered Large Structure: TrialChamberPopulator 
[2025-04-30 23:02:30] [INFO   ] [Structure Registry] Registered Large Structure: LargeCavePopulator 
[2025-04-30 23:02:30] [INFO   ] [Structure Registry] Registered Large Structure: MineshaftPopulator 
[2025-04-30 23:02:30] [INFO   ] [Structure Registry] Registered Large Structure: CatacombsPopulator 
[2025-04-30 23:02:30] [INFO   ] [Structure Registry] Registered Large Structure: BadlandsMinePopulator 
[2025-04-30 23:02:30] [INFO   ] [Structure Registry] Registered Large Structure: WarmOceanRuinsPopulator 
[2025-04-30 23:02:30] [INFO   ] [Structure Registry] Registered Large Structure: TrailRuinsPopulator 
[2025-04-30 23:02:30] [INFO   ] [Structure Registry] Registered Small Structure: SmallDungeonPopulator 
[2025-04-30 23:02:30] [INFO   ] [Structure Registry] Registered Small Structure: ShipwreckPopulator 
[2025-04-30 23:02:30] [INFO   ] [Structure Registry] Registered Small Structure: BuriedTreasurePopulator 
[2025-04-30 23:02:30] [INFO   ] [Structure Registry] Registered Small Structure: RuinedPortalPopulator 
[2025-04-30 23:02:30] [INFO   ] [Structure Registry] Registered Small Structure: IglooPopulator 
[2025-04-30 23:02:30] [INFO   ] [Structure Registry] Registered Small Structure: DesertWellPopulator 
[2025-04-30 23:02:30] [INFO   ] [Structure Registry] Registered Small Structure: WitchHutPopulator 
[2025-04-30 23:05:06] [INFO   ]  Custom Logger Initialized 
[2025-04-30 23:05:06] [INFO   ] [NOTICE] TerraformGenerator will suppress the server's watchdog while generating chunks to prevent unnecessary stacktrace warnings. Unless you specifically need thewatchdog now (to take aikar timings or debug lag), you don't need to take any action. 
[2025-04-30 23:05:06] [INFO   ] It is recommended to pregenerate to reduce lag problems. 
[2025-04-30 23:05:06] [INFO   ] Watchdog Thread hooked. 
[2025-04-30 23:05:06] [INFO   ]  bStats Metrics enabled. 
[2025-04-30 23:05:06] [INFO   ]  Detected version: 1.21.3, number: 21.3 
[2025-04-30 23:05:06] [INFO   ] Unfreezing biome registry... 
[2025-04-30 23:05:06] [INFO   ] Registered custom biome: muddy_bog 
[2025-04-30 23:05:06] [INFO   ] Registered custom biome: cherry_grove 
[2025-04-30 23:05:06] [INFO   ] Registered custom biome: scarlet_forest 
[2025-04-30 23:05:06] [INFO   ] Registered custom biome: crystalline_cluster 
[2025-04-30 23:05:06] [INFO   ] Freezing biome registry 
[2025-04-30 23:05:07] [INFO   ] [Structure Registry] Registered Large Structure: VillageHousePopulator 
[2025-04-30 23:05:07] [INFO   ] [Structure Registry] Registered Large Structure: VillagePopulator 
[2025-04-30 23:05:07] [INFO   ] [Structure Registry] Registered Large Structure: OutpostPopulator 
[2025-04-30 23:05:07] [INFO   ] [Structure Registry] Registered Large Structure: PyramidPopulator 
[2025-04-30 23:05:07] [INFO   ] [Structure Registry] Registered Large Structure: MonumentPopulator 
[2025-04-30 23:05:07] [INFO   ] [Structure Registry] Registered Large Structure: StrongholdPopulator 
[2025-04-30 23:05:07] [INFO   ] [Structure Registry] Registered Large Structure: MansionPopulator 
[2025-04-30 23:05:07] [INFO   ] [Structure Registry] Registered Large Structure: AncientCityPopulator 
[2025-04-30 23:05:07] [INFO   ] [Structure Registry] Registered Large Structure: TrialChamberPopulator 
[2025-04-30 23:05:07] [INFO   ] [Structure Registry] Registered Large Structure: LargeCavePopulator 
[2025-04-30 23:05:07] [INFO   ] [Structure Registry] Registered Large Structure: MineshaftPopulator 
[2025-04-30 23:05:07] [INFO   ] [Structure Registry] Registered Large Structure: CatacombsPopulator 
[2025-04-30 23:05:07] [INFO   ] [Structure Registry] Registered Large Structure: BadlandsMinePopulator 
[2025-04-30 23:05:07] [INFO   ] [Structure Registry] Registered Large Structure: WarmOceanRuinsPopulator 
[2025-04-30 23:05:07] [INFO   ] [Structure Registry] Registered Large Structure: TrailRuinsPopulator 
[2025-04-30 23:05:07] [INFO   ] [Structure Registry] Registered Small Structure: SmallDungeonPopulator 
[2025-04-30 23:05:07] [INFO   ] [Structure Registry] Registered Small Structure: ShipwreckPopulator 
[2025-04-30 23:05:07] [INFO   ] [Structure Registry] Registered Small Structure: BuriedTreasurePopulator 
[2025-04-30 23:05:07] [INFO   ] [Structure Registry] Registered Small Structure: RuinedPortalPopulator 
[2025-04-30 23:05:07] [INFO   ] [Structure Registry] Registered Small Structure: IglooPopulator 
[2025-04-30 23:05:07] [INFO   ] [Structure Registry] Registered Small Structure: DesertWellPopulator 
[2025-04-30 23:05:07] [INFO   ] [Structure Registry] Registered Small Structure: WitchHutPopulator 
[2025-04-30 23:17:23] [INFO   ]  Custom Logger Initialized 
[2025-04-30 23:17:23] [INFO   ] [NOTICE] TerraformGenerator will suppress the server's watchdog while generating chunks to prevent unnecessary stacktrace warnings. Unless you specifically need thewatchdog now (to take aikar timings or debug lag), you don't need to take any action. 
[2025-04-30 23:17:23] [INFO   ] It is recommended to pregenerate to reduce lag problems. 
[2025-04-30 23:17:23] [INFO   ] Watchdog Thread hooked. 
[2025-04-30 23:17:23] [INFO   ]  bStats Metrics enabled. 
[2025-04-30 23:17:23] [INFO   ]  Detected version: 1.21.3, number: 21.3 
[2025-04-30 23:17:23] [INFO   ] Unfreezing biome registry... 
[2025-04-30 23:17:23] [INFO   ] Registered custom biome: muddy_bog 
[2025-04-30 23:17:23] [INFO   ] Registered custom biome: cherry_grove 
[2025-04-30 23:17:23] [INFO   ] Registered custom biome: scarlet_forest 
[2025-04-30 23:17:23] [INFO   ] Registered custom biome: crystalline_cluster 
[2025-04-30 23:17:23] [INFO   ] Freezing biome registry 
[2025-04-30 23:17:23] [INFO   ] [Structure Registry] Registered Large Structure: VillageHousePopulator 
[2025-04-30 23:17:23] [INFO   ] [Structure Registry] Registered Large Structure: VillagePopulator 
[2025-04-30 23:17:23] [INFO   ] [Structure Registry] Registered Large Structure: OutpostPopulator 
[2025-04-30 23:17:23] [INFO   ] [Structure Registry] Registered Large Structure: PyramidPopulator 
[2025-04-30 23:17:23] [INFO   ] [Structure Registry] Registered Large Structure: MonumentPopulator 
[2025-04-30 23:17:23] [INFO   ] [Structure Registry] Registered Large Structure: StrongholdPopulator 
[2025-04-30 23:17:23] [INFO   ] [Structure Registry] Registered Large Structure: MansionPopulator 
[2025-04-30 23:17:23] [INFO   ] [Structure Registry] Registered Large Structure: AncientCityPopulator 
[2025-04-30 23:17:23] [INFO   ] [Structure Registry] Registered Large Structure: TrialChamberPopulator 
[2025-04-30 23:17:23] [INFO   ] [Structure Registry] Registered Large Structure: LargeCavePopulator 
[2025-04-30 23:17:23] [INFO   ] [Structure Registry] Registered Large Structure: MineshaftPopulator 
[2025-04-30 23:17:23] [INFO   ] [Structure Registry] Registered Large Structure: CatacombsPopulator 
[2025-04-30 23:17:23] [INFO   ] [Structure Registry] Registered Large Structure: BadlandsMinePopulator 
[2025-04-30 23:17:23] [INFO   ] [Structure Registry] Registered Large Structure: WarmOceanRuinsPopulator 
[2025-04-30 23:17:23] [INFO   ] [Structure Registry] Registered Large Structure: TrailRuinsPopulator 
[2025-04-30 23:17:23] [INFO   ] [Structure Registry] Registered Small Structure: SmallDungeonPopulator 
[2025-04-30 23:17:23] [INFO   ] [Structure Registry] Registered Small Structure: ShipwreckPopulator 
[2025-04-30 23:17:23] [INFO   ] [Structure Registry] Registered Small Structure: BuriedTreasurePopulator 
[2025-04-30 23:17:23] [INFO   ] [Structure Registry] Registered Small Structure: RuinedPortalPopulator 
[2025-04-30 23:17:23] [INFO   ] [Structure Registry] Registered Small Structure: IglooPopulator 
[2025-04-30 23:17:23] [INFO   ] [Structure Registry] Registered Small Structure: DesertWellPopulator 
[2025-04-30 23:17:23] [INFO   ] [Structure Registry] Registered Small Structure: WitchHutPopulator 
[2025-04-30 23:27:58] [INFO   ]  Custom Logger Initialized 
[2025-04-30 23:27:58] [INFO   ] [NOTICE] TerraformGenerator will suppress the server's watchdog while generating chunks to prevent unnecessary stacktrace warnings. Unless you specifically need thewatchdog now (to take aikar timings or debug lag), you don't need to take any action. 
[2025-04-30 23:27:58] [INFO   ] It is recommended to pregenerate to reduce lag problems. 
[2025-04-30 23:27:58] [INFO   ] Watchdog Thread hooked. 
[2025-04-30 23:27:58] [INFO   ]  bStats Metrics enabled. 
[2025-04-30 23:27:58] [INFO   ]  Detected version: 1.21.3, number: 21.3 
[2025-04-30 23:27:58] [INFO   ] Unfreezing biome registry... 
[2025-04-30 23:27:58] [INFO   ] Registered custom biome: muddy_bog 
[2025-04-30 23:27:58] [INFO   ] Registered custom biome: cherry_grove 
[2025-04-30 23:27:58] [INFO   ] Registered custom biome: scarlet_forest 
[2025-04-30 23:27:58] [INFO   ] Registered custom biome: crystalline_cluster 
[2025-04-30 23:27:58] [INFO   ] Freezing biome registry 
[2025-04-30 23:27:58] [INFO   ] [Structure Registry] Registered Large Structure: VillageHousePopulator 
[2025-04-30 23:27:58] [INFO   ] [Structure Registry] Registered Large Structure: VillagePopulator 
[2025-04-30 23:27:58] [INFO   ] [Structure Registry] Registered Large Structure: OutpostPopulator 
[2025-04-30 23:27:58] [INFO   ] [Structure Registry] Registered Large Structure: PyramidPopulator 
[2025-04-30 23:27:58] [INFO   ] [Structure Registry] Registered Large Structure: MonumentPopulator 
[2025-04-30 23:27:58] [INFO   ] [Structure Registry] Registered Large Structure: StrongholdPopulator 
[2025-04-30 23:27:58] [INFO   ] [Structure Registry] Registered Large Structure: MansionPopulator 
[2025-04-30 23:27:58] [INFO   ] [Structure Registry] Registered Large Structure: AncientCityPopulator 
[2025-04-30 23:27:58] [INFO   ] [Structure Registry] Registered Large Structure: TrialChamberPopulator 
[2025-04-30 23:27:58] [INFO   ] [Structure Registry] Registered Large Structure: LargeCavePopulator 
[2025-04-30 23:27:58] [INFO   ] [Structure Registry] Registered Large Structure: MineshaftPopulator 
[2025-04-30 23:27:58] [INFO   ] [Structure Registry] Registered Large Structure: CatacombsPopulator 
[2025-04-30 23:27:58] [INFO   ] [Structure Registry] Registered Large Structure: BadlandsMinePopulator 
[2025-04-30 23:27:58] [INFO   ] [Structure Registry] Registered Large Structure: WarmOceanRuinsPopulator 
[2025-04-30 23:27:58] [INFO   ] [Structure Registry] Registered Large Structure: TrailRuinsPopulator 
[2025-04-30 23:27:58] [INFO   ] [Structure Registry] Registered Small Structure: SmallDungeonPopulator 
[2025-04-30 23:27:58] [INFO   ] [Structure Registry] Registered Small Structure: ShipwreckPopulator 
[2025-04-30 23:27:58] [INFO   ] [Structure Registry] Registered Small Structure: BuriedTreasurePopulator 
[2025-04-30 23:27:58] [INFO   ] [Structure Registry] Registered Small Structure: RuinedPortalPopulator 
[2025-04-30 23:27:58] [INFO   ] [Structure Registry] Registered Small Structure: IglooPopulator 
[2025-04-30 23:27:58] [INFO   ] [Structure Registry] Registered Small Structure: DesertWellPopulator 
[2025-04-30 23:27:58] [INFO   ] [Structure Registry] Registered Small Structure: WitchHutPopulator 
[2025-04-30 23:38:34] [INFO   ]  Custom Logger Initialized 
[2025-04-30 23:38:34] [INFO   ] [NOTICE] TerraformGenerator will suppress the server's watchdog while generating chunks to prevent unnecessary stacktrace warnings. Unless you specifically need thewatchdog now (to take aikar timings or debug lag), you don't need to take any action. 
[2025-04-30 23:38:34] [INFO   ] It is recommended to pregenerate to reduce lag problems. 
[2025-04-30 23:38:34] [INFO   ] Watchdog Thread hooked. 
[2025-04-30 23:38:34] [INFO   ]  bStats Metrics enabled. 
[2025-04-30 23:38:34] [INFO   ]  Detected version: 1.21.3, number: 21.3 
[2025-04-30 23:38:34] [INFO   ] Unfreezing biome registry... 
[2025-04-30 23:38:34] [INFO   ] Registered custom biome: muddy_bog 
[2025-04-30 23:38:34] [INFO   ] Registered custom biome: cherry_grove 
[2025-04-30 23:38:34] [INFO   ] Registered custom biome: scarlet_forest 
[2025-04-30 23:38:34] [INFO   ] Registered custom biome: crystalline_cluster 
[2025-04-30 23:38:34] [INFO   ] Freezing biome registry 
[2025-04-30 23:38:34] [INFO   ] [Structure Registry] Registered Large Structure: VillageHousePopulator 
[2025-04-30 23:38:34] [INFO   ] [Structure Registry] Registered Large Structure: VillagePopulator 
[2025-04-30 23:38:34] [INFO   ] [Structure Registry] Registered Large Structure: OutpostPopulator 
[2025-04-30 23:38:34] [INFO   ] [Structure Registry] Registered Large Structure: PyramidPopulator 
[2025-04-30 23:38:34] [INFO   ] [Structure Registry] Registered Large Structure: MonumentPopulator 
[2025-04-30 23:38:34] [INFO   ] [Structure Registry] Registered Large Structure: StrongholdPopulator 
[2025-04-30 23:38:34] [INFO   ] [Structure Registry] Registered Large Structure: MansionPopulator 
[2025-04-30 23:38:34] [INFO   ] [Structure Registry] Registered Large Structure: AncientCityPopulator 
[2025-04-30 23:38:34] [INFO   ] [Structure Registry] Registered Large Structure: TrialChamberPopulator 
[2025-04-30 23:38:34] [INFO   ] [Structure Registry] Registered Large Structure: LargeCavePopulator 
[2025-04-30 23:38:34] [INFO   ] [Structure Registry] Registered Large Structure: MineshaftPopulator 
[2025-04-30 23:38:34] [INFO   ] [Structure Registry] Registered Large Structure: CatacombsPopulator 
[2025-04-30 23:38:34] [INFO   ] [Structure Registry] Registered Large Structure: BadlandsMinePopulator 
[2025-04-30 23:38:34] [INFO   ] [Structure Registry] Registered Large Structure: WarmOceanRuinsPopulator 
[2025-04-30 23:38:34] [INFO   ] [Structure Registry] Registered Large Structure: TrailRuinsPopulator 
[2025-04-30 23:38:34] [INFO   ] [Structure Registry] Registered Small Structure: SmallDungeonPopulator 
[2025-04-30 23:38:34] [INFO   ] [Structure Registry] Registered Small Structure: ShipwreckPopulator 
[2025-04-30 23:38:34] [INFO   ] [Structure Registry] Registered Small Structure: BuriedTreasurePopulator 
[2025-04-30 23:38:34] [INFO   ] [Structure Registry] Registered Small Structure: RuinedPortalPopulator 
[2025-04-30 23:38:34] [INFO   ] [Structure Registry] Registered Small Structure: IglooPopulator 
[2025-04-30 23:38:34] [INFO   ] [Structure Registry] Registered Small Structure: DesertWellPopulator 
[2025-04-30 23:38:34] [INFO   ] [Structure Registry] Registered Small Structure: WitchHutPopulator 
[2025-04-30 23:38:34] [INFO   ] Creating TW instance: world - -7655972895918381312 
[2025-04-30 23:38:34] [INFO   ]  Detected world: world, commencing injection...  
[2025-04-30 23:38:34] [INFO   ] Creating TW instance: world - -7655972895918381312 
[2025-04-30 23:38:34] [INFO   ] NMSChunkGenerator Delegate is of type CustomChunkGenerator 
[2025-04-30 23:38:34] [INFO   ] Post injection: getChunkSource().getChunkGenerator() is of type NMSChunkGenerator 
[2025-04-30 23:38:34] [INFO   ]  Injection success! Proceeding with generation. 
[2025-04-30 23:38:35] [INFO   ] Will spawn stronghold at: CoordPair[x=1205, z=-727] 
[2025-04-30 23:38:40] [INFO   ] Spawning CrystallineClusterCavePopulator at 0,13,0 
[2025-04-30 23:38:40] [INFO   ] Spawning MossyCavePopulator at 0,13,2 
[2025-04-30 23:38:40] [INFO   ] Spawning DeepCavePopulator at 12,-35,8 
[2025-04-30 23:38:40] [INFO   ] Registered: org.terraform.structure.mineshaft.SmeltingHallPopulator at -152 2 -183 in a room of size 15x15 
[2025-04-30 23:38:40] [INFO   ] Registered: org.terraform.structure.mineshaft.CaveSpiderDenPopulator at -181 2 -248 in a room of size 15x15 
[2025-04-30 23:38:40] [INFO   ] Registered: org.terraform.structure.mineshaft.CaveSpiderDenPopulator at -167 2 -244 in a room of size 13x14 
[2025-04-30 23:38:40] [INFO   ] Registered: org.terraform.structure.mineshaft.SmeltingHallPopulator at -234 2 -146 in a room of size 15x13 
[2025-04-30 23:38:40] [INFO   ] Registered: org.terraform.structure.mineshaft.CaveSpiderDenPopulator at -133 2 -167 in a room of size 15x15 
[2025-04-30 23:38:40] [INFO   ] Registered: org.terraform.structure.mineshaft.CaveSpiderDenPopulator at -119 2 -204 in a room of size 13x13 
[2025-04-30 23:38:40] [INFO   ] Registered: org.terraform.structure.mineshaft.CaveSpiderDenPopulator at -242 2 -166 in a room of size 15x15 
[2025-04-30 23:38:40] [INFO   ] Registered: org.terraform.structure.mineshaft.SmeltingHallPopulator at -183 2 -150 in a room of size 14x13 
[2025-04-30 23:38:40] [INFO   ] Registered: org.terraform.structure.mineshaft.SmeltingHallPopulator at -199 2 -139 in a room of size 13x15 
[2025-04-30 23:38:41] [INFO   ] Spawning ForestedMountainsCavePopulator at 26,5,-16 
[2025-04-30 23:38:41] [INFO   ] Spawning ancient city at: -192,-20,320 
[2025-04-30 23:38:41] [INFO   ] Registered: org.terraform.structure.ancientcity.AncientCityRuinsPlatform at -216 -20 364 in a room of size 19x22 
[2025-04-30 23:38:41] [INFO   ] Registered: org.terraform.structure.ancientcity.AncientCityCenterPlatformPopulator at -184 -20 328 in a room of size 46x46 
[2025-04-30 23:38:41] [INFO   ] Registered: org.terraform.structure.ancientcity.AncientCitySchematicPlatform at -251 -20 379 in a room of size 22x26 
[2025-04-30 23:38:41] [INFO   ] Registered: org.terraform.structure.ancientcity.AncientCityRuinsPlatform at -201 -20 282 in a room of size 18x26 
[2025-04-30 23:38:41] [INFO   ] Registered: org.terraform.structure.ancientcity.AncientCityAltarPopulator at -247 -20 274 in a room of size 16x25 
[2025-04-30 23:38:41] [INFO   ] Registered: org.terraform.structure.ancientcity.AncientCityLargePillarRoomPopulator at -133 -20 351 in a room of size 20x17 
[2025-04-30 23:38:41] [INFO   ] Registered: org.terraform.structure.ancientcity.AncientCityAltarPopulator at -241 -20 296 in a room of size 23x16 
[2025-04-30 23:38:41] [INFO   ] Registered: org.terraform.structure.ancientcity.AncientCityRuinsPlatform at -234 -20 331 in a room of size 18x22 
[2025-04-30 23:38:41] [INFO   ] Registered: org.terraform.structure.ancientcity.AncientCityLargePillarRoomPopulator at -133 -20 275 in a room of size 16x18 
[2025-04-30 23:38:41] [INFO   ] Registered: org.terraform.structure.ancientcity.AncientCityRuinsPlatform at -219 -20 279 in a room of size 19x23 
[2025-04-30 23:38:41] [INFO   ] Registered: org.terraform.structure.ancientcity.AncientCitySchematicPlatform at -160 -20 380 in a room of size 23x24 
[2025-04-30 23:38:41] [INFO   ] Registered: org.terraform.structure.ancientcity.AncientCityAltarPopulator at -194 -20 367 in a room of size 21x17 
[2025-04-30 23:38:41] [INFO   ] Registered: org.terraform.structure.ancientcity.AncientCitySchematicPlatform at -174 -20 268 in a room of size 22x22 
[2025-04-30 23:38:42] [INFO   ] Spawning CaveFluidClusterPopulator at 40,11,0 
[2025-04-30 23:38:43] [INFO   ] Spawning FrozenCavePopulator at -48,-7,13 
[2025-04-30 23:38:44] [INFO   ] Falling back to NMS bee spawning (addEntity api not present) 
[2025-04-30 23:38:44] [INFO   ] Spawning DripstoneClusterCavePopulator at -64,41,-64 
[2025-04-30 23:38:44] [INFO   ] Spawning LushClusterCavePopulator at -64,35,0 
[2025-04-30 23:38:45] [INFO   ]  world loaded. 
[2025-04-30 23:39:47] [INFO   ] Generating org.terraform.structure.small.ruinedportal.RuinedPortalPopulator at chunk: 3,6 
[2025-04-30 23:39:52] [INFO   ] [0, 0],32 will spawn a vanilla structure, with tryGenerateStructure == true 
[2025-04-30 23:40:07] [INFO   ] Minecart with chest at: -150, 2, -195 
[2025-04-30 23:40:09] [INFO   ] Generating org.terraform.structure.mineshaft.MineshaftPopulator at chunk: -12,-12 
[2025-04-30 23:41:45] [INFO   ] Generating org.terraform.structure.small.shipwreck.ShipwreckPopulator at chunk: 13,11 
[2025-04-30 23:41:45] [INFO   ] Spawning shipwreck at 208, 22, 190 with rotation of EAST 
[2025-04-30 23:42:47] [INFO   ] Minecart with chest at: -240, 2, -156 
[2025-04-30 23:42:47] [INFO   ] Minecart with chest at: -234, 2, -210 
[2025-04-30 23:42:47] [INFO   ] Minecart with chest at: -234, 2, -241 
[2025-04-30 23:42:55] [INFO   ] Generating org.terraform.structure.small.buriedtreasure.BuriedTreasurePopulator at chunk: -4,14 
[2025-04-30 23:42:58] [INFO   ] Large Schematic 
[2025-04-30 23:43:04] [INFO   ] Generating org.terraform.structure.small.dungeon.SmallDungeonPopulator at chunk: 5,18 
[2025-04-30 23:43:04] [INFO   ] Spawning Underground Dungeon at 88,10,300 
[2025-04-30 23:43:10] [INFO   ] Generating org.terraform.structure.small.dungeon.SmallDungeonPopulator at chunk: 10,23 
[2025-04-30 23:43:10] [INFO   ] Spawning Underground Dungeon at 167,10,379 
[2025-04-30 23:43:10] [INFO   ] Medium Schematic 
[2025-04-30 23:43:47] [INFO   ] Generating org.terraform.structure.small.shipwreck.ShipwreckPopulator at chunk: 18,8 
[2025-04-30 23:43:47] [INFO   ] Spawning shipwreck at 299, 24, 143 with rotation of WEST 
[2025-04-30 23:43:53] [INFO   ] Generating org.terraform.structure.trialchamber.TrialChamberPopulator at chunk: 20,-12 
[2025-04-30 23:45:40] [INFO   ] Generating org.terraform.structure.small.ruinedportal.RuinedPortalPopulator at chunk: -21,11 
[2025-04-30 23:49:19] [INFO   ] Generating org.terraform.structure.monument.MonumentPopulator at chunk: 20,20 
[2025-04-30 23:49:19] [INFO   ] Spawning Monument at: 320,320 
[2025-04-30 23:49:21] [INFO   ] Registered: org.terraform.structure.monument.TreasureRoomPopulator at 298 26 333 in a room of size 10x11 
[2025-04-30 23:49:21] [INFO   ] Registered: org.terraform.structure.monument.LevelledElderRoomPopulator at 342 26 344 in a room of size 13x10 
[2025-04-30 23:49:21] [INFO   ] Registered: org.terraform.structure.monument.LevelledElderRoomPopulator at 344 26 305 in a room of size 10x14 
[2025-04-30 23:49:21] [INFO   ] Registered: org.terraform.structure.monument.MiniRoomNetworkPopulator at 295 26 310 in a room of size 13x10 
[2025-04-30 23:49:21] [INFO   ] Registered: org.terraform.structure.monument.MiniRoomNetworkPopulator at 306 26 296 in a room of size 11x15 
[2025-04-30 23:49:21] [INFO   ] Registered: org.terraform.structure.monument.HollowPillarRoomPopulator at 295 26 345 in a room of size 10x11 
[2025-04-30 23:49:21] [INFO   ] Registered: org.terraform.structure.monument.HollowPillarRoomPopulator at 315 26 337 in a room of size 15x10 
[2025-04-30 23:49:21] [INFO   ] Registered: org.terraform.structure.monument.FishCageRoomPopulator at 333 26 333 in a room of size 12x11 
[2025-04-30 23:49:21] [INFO   ] Registered: org.terraform.structure.monument.FishCageRoomPopulator at 344 26 332 in a room of size 11x11 
[2025-04-30 23:49:21] [INFO   ] Registered: org.terraform.structure.monument.LanternPillarRoomPopulator at 295 26 300 in a room of size 11x10 
[2025-04-30 23:49:21] [INFO   ] Registered: org.terraform.structure.monument.HollowPillarRoomPopulator at 325 26 312 in a room of size 12x10 
[2025-04-30 23:49:21] [INFO   ] Registered: org.terraform.structure.monument.CoralRoomPopulator at 331 26 345 in a room of size 10x10 
[2025-04-30 23:49:21] [INFO   ] Registered: org.terraform.structure.monument.CoralRoomPopulator at 332 26 302 in a room of size 12x10 
[2025-04-30 23:49:21] [INFO   ] Registered: org.terraform.structure.monument.FishCageRoomPopulator at 320 26 326 in a room of size 10x11 
[2025-04-30 23:49:21] [INFO   ] Registered: org.terraform.structure.monument.CoralRoomPopulator at 319 26 301 in a room of size 14x12 
[2025-04-30 23:49:21] [INFO   ] Registered: org.terraform.structure.monument.CoralRoomPopulator at 343 26 319 in a room of size 14x12 
[2025-04-30 23:49:21] [INFO   ] Registered: org.terraform.structure.monument.CoralRoomPopulator at 295 26 321 in a room of size 13x11 
[2025-04-30 23:49:21] [INFO   ] Registered: org.terraform.structure.monument.FishCageRoomPopulator at 306 26 315 in a room of size 10x10 
[2025-04-30 23:53:07] [INFO   ] Generating org.terraform.structure.small.ruinedportal.RuinedPortalPopulator at chunk: -24,-4 
