[00:05:50] [Server thread/INFO]: ZZRoyers_Admin lost connection: Disconnected
[00:05:50] [Server thread/INFO]: ZZRoyers_Admin left the game
[00:06:50] [Server thread/INFO]: Server empty for 60 seconds, pausing
[00:08:21] [Server thread/INFO]: Stopping the server
[00:08:21] [Server thread/INFO]: Stopping server
[00:08:21] [Server thread/INFO]: [MoneyFromMobs] Disabling MoneyFromMobs v4.9
[00:08:21] [Server thread/INFO]: [dynmap] Disabling dynmap v3.7-SNAPSHOT-968
[00:08:21] [Server thread/INFO]: [dynmap] Unloaded 11 components.
[00:08:21] [Server thread/INFO]: [dynmap] Stopping map renderer...
[00:08:22] [Server thread/INFO]: [dynmap] Saved 5470 pending tile renders in world 'world'
[00:08:22] [Server thread/INFO]: [dynmap] Disabled
[00:08:22] [Server thread/INFO]: [TerraformGenerator] Disabling TerraformGenerator v19.1.1
[00:08:22] [Server thread/INFO]: [UltimateTimber] Disabling UltimateTimber v1.1
[00:08:22] [Server thread/INFO]: [AngelChest] Disabling AngelChest v13.9.4
[00:08:22] [Server thread/INFO]: [sleep-most] Disabling sleep-most v5.6.0
[00:08:22] [Server thread/INFO]: [GeyserSkinManager] Disabling GeyserSkinManager v1.7
[00:08:22] [Server thread/INFO]: [WorldBorder] Disabling WorldBorder v1.2
[00:08:22] [Server thread/INFO]: [XConomy] Disabling XConomy v2.25.15
[00:08:22] [Server thread/INFO]: [XConomy] XConomy está deshabilitado
[00:08:22] [Server thread/INFO]: [SetSpawn] Disabling SetSpawn v5.5
[00:08:22] [Server thread/INFO]: [SetSpawn] Disabled!
[00:08:22] [Server thread/INFO]: [LoginSecurity] Disabling LoginSecurity v3.3.0
[00:08:22] [Server thread/INFO]: [LoginSecurity] Waiting for queued tasks...
[00:08:22] [Server thread/INFO]: [LoginSecurity] ExecutorService shut down, ready to disable.
[00:08:22] [Server thread/INFO]: [DirectionHUD] Disabling DirectionHUD v1.8.0.3+1.20-1.21.4
[00:08:22] [Server thread/INFO]: [DirectionHUD] Safely shutdown DirectionHUD server!
[00:08:22] [Server thread/INFO]: [PlayerTimeLimit] Disabling PlayerTimeLimit v1.6.1
[00:08:22] [Server thread/INFO]: [PlayerTimeLimit] Has been disabled! Version: 1.6.1
[00:08:22] [Server thread/INFO]: [SetHome] Disabling SetHome v6.2.3
[00:08:22] [Server thread/INFO]: [LevelledMobs] Disabling LevelledMobs v4.3.1 b112
[00:08:22] [Server thread/INFO]: [LevelledMobs] Unregistering commands
[00:08:22] [Server thread/INFO]: [LevelledMobs] Tasks: Shutting down other async tasks...
[00:08:22] [Server thread/INFO]: [LevelledMobs] Shut-down complete (took 3ms)
[00:08:22] [Craft Scheduler Thread - 9 - LevelledMobs/INFO]: [LevelledMobs] Nametag update queue Manager has exited
[00:08:22] [Craft Scheduler Thread - 5 - LevelledMobs/INFO]: [LevelledMobs] Mob processing queue Manager has exited
[00:08:22] [Server thread/INFO]: [SkinsRestorer] Disabling SkinsRestorer v15.6.2
[00:08:22] [Server thread/INFO]: [Minepacks] Disabling Minepacks v2.4.31.7-T20250421160243
[00:08:22] [Server thread/INFO]: [Minepacks] PlaceholderAPI hook was successfully unregistered!
[00:08:23] [Thread-45/INFO]: [Minepacks] Start downloading update: 2.4.32-release
[00:08:23] [Thread-45/INFO]: [Minepacks] Downloading update: 10% of 1.84 MiB
[00:08:23] [Thread-45/INFO]: [Minepacks] Downloading update: 20% of 1.84 MiB
[00:08:23] [Thread-45/INFO]: [Minepacks] Downloading update: 30% of 1.84 MiB
[00:08:23] [Thread-45/INFO]: [Minepacks] Downloading update: 40% of 1.84 MiB
[00:08:23] [Thread-45/INFO]: [Minepacks] Downloading update: 50% of 1.84 MiB
[00:08:23] [Thread-45/INFO]: [Minepacks] Downloading update: 60% of 1.84 MiB
[00:08:23] [Thread-45/INFO]: [Minepacks] Downloading update: 70% of 1.84 MiB
[00:08:23] [Thread-45/INFO]: [Minepacks] Downloading update: 80% of 1.84 MiB
[00:08:23] [Thread-45/INFO]: [Minepacks] Downloading update: 90% of 1.84 MiB
[00:08:23] [Thread-45/INFO]: [Minepacks] Downloading update: 100% of 1.84 MiB
[00:08:23] [Thread-45/INFO]: [Minepacks] Finished updating.
[00:08:23] [Server thread/INFO]: [at.pcgamingfreaks.MinepacksStandalone.libs.com.zaxxer.hikari.HikariDataSource] Minepacks-Connection-Pool - Shutdown initiated...
[00:08:23] [Server thread/INFO]: [at.pcgamingfreaks.MinepacksStandalone.libs.com.zaxxer.hikari.HikariDataSource] Minepacks-Connection-Pool - Shutdown completed.
[00:08:23] [Server thread/INFO]: [Minepacks]  Minepacks has been disabled.  :( 
[00:08:23] [Server thread/INFO]: [Geyser-Spigot] Disabling Geyser-Spigot v2.7.0-SNAPSHOT
[00:08:23] [Server thread/INFO]: [Geyser-Spigot] Shutting down Geyser.
[00:08:23] [Server thread/INFO]: [Geyser-Spigot] Geyser shutdown successfully.
[00:08:23] [Server thread/INFO]: [Vault] Disabling Vault v1.7.3-b131
[00:08:23] [Server thread/INFO]: [ViaBackwards] Disabling ViaBackwards v5.3.2
[00:08:23] [Server thread/INFO]: [ProtocolLib] Disabling ProtocolLib v5.3.0
[00:08:23] [Server thread/INFO]: [PlaceholderAPI] Disabling PlaceholderAPI v2.11.6
[00:08:23] [Server thread/INFO]: [floodgate] Disabling floodgate v2.2.4-SNAPSHOT (b116-0e3163c)
[00:08:24] [Server thread/INFO]: [ViaVersion] Disabling ViaVersion v5.3.2
[00:08:24] [Server thread/INFO]: [ViaVersion] ViaVersion has been disabled; uninjected the platform and shut down the scheduler.
[00:08:24] [Server thread/INFO]: Saving players
[00:08:24] [WebSocketConnectReadThread-126/INFO]: [Geyser-Spigot] The skin uploader has been closed
[00:08:24] [Server thread/INFO]: Saving worlds
[00:08:24] [Server thread/INFO]: Saving chunks for level 'ServerLevel[world]'/minecraft:overworld
[00:08:24] [Server thread/INFO]: [ChunkHolderManager] Waiting 60s for chunk system to halt for world 'world'
[00:08:24] [Server thread/INFO]: [ChunkHolderManager] Halted chunk system for world 'world'
[00:08:24] [Server thread/INFO]: [ChunkHolderManager] Saving all chunkholders for world 'world'
[00:08:24] [Server thread/INFO]: [ChunkHolderManager] Saved 0 block chunks, 170 entity chunks, 0 poi chunks in world 'world' in 0.06s
[00:08:24] [Server thread/INFO]: [ChunkHolderManager] Waiting 60s for chunk I/O to halt for world 'world'
[00:08:24] [Server thread/INFO]: [ChunkHolderManager] Halted I/O scheduler for world 'world'
[00:08:24] [Server thread/INFO]: Saving chunks for level 'ServerLevel[world_nether]'/minecraft:the_nether
[00:08:24] [Server thread/INFO]: [ChunkHolderManager] Waiting 60s for chunk system to halt for world 'world_nether'
[00:08:24] [Server thread/INFO]: [ChunkHolderManager] Halted chunk system for world 'world_nether'
[00:08:24] [Server thread/INFO]: [ChunkHolderManager] Saving all chunkholders for world 'world_nether'
[00:08:24] [Server thread/INFO]: [ChunkHolderManager] Saved 0 block chunks, 0 entity chunks, 0 poi chunks in world 'world_nether' in 0.00s
[00:08:24] [Server thread/INFO]: [ChunkHolderManager] Waiting 60s for chunk I/O to halt for world 'world_nether'
[00:08:24] [Server thread/INFO]: [ChunkHolderManager] Halted I/O scheduler for world 'world_nether'
[00:08:24] [Server thread/INFO]: Saving chunks for level 'ServerLevel[world_the_end]'/minecraft:the_end
[00:08:24] [Server thread/INFO]: [ChunkHolderManager] Waiting 60s for chunk system to halt for world 'world_the_end'
[00:08:24] [Server thread/INFO]: [ChunkHolderManager] Halted chunk system for world 'world_the_end'
[00:08:24] [Server thread/INFO]: [ChunkHolderManager] Saving all chunkholders for world 'world_the_end'
[00:08:24] [Server thread/INFO]: [ChunkHolderManager] Saved 0 block chunks, 0 entity chunks, 0 poi chunks in world 'world_the_end' in 0.00s
[00:08:24] [Server thread/INFO]: [ChunkHolderManager] Waiting 60s for chunk I/O to halt for world 'world_the_end'
[00:08:24] [Server thread/INFO]: [ChunkHolderManager] Halted I/O scheduler for world 'world_the_end'
[00:08:24] [Server thread/INFO]: ThreadedAnvilChunkStorage (world): All chunks are saved
[00:08:24] [Server thread/INFO]: ThreadedAnvilChunkStorage (DIM-1): All chunks are saved
[00:08:24] [Server thread/INFO]: ThreadedAnvilChunkStorage (DIM1): All chunks are saved
[00:08:24] [Server thread/INFO]: ThreadedAnvilChunkStorage: All dimensions are saved
[00:08:24] [Server thread/INFO]: Waiting for I/O tasks to complete...
[00:08:24] [Server thread/INFO]: All I/O tasks to complete
[00:08:24] [Server thread/INFO]: [MoonriseCommon] Awaiting termination of worker pool for up to 60s...
[00:08:24] [Server thread/INFO]: [MoonriseCommon] Awaiting termination of I/O pool for up to 60s...
